<?xml version="1.0" encoding="UTF-8"?>
<testsuites name="Listusers" time="9" tests="0" failures="0" errors="3">
   <testsuite name="Listusers" tests="0" failures="0" errors="3" time="9" timestamp="2019-01-22 16:29:49" hostname="nivedita - 192.168.0.105" id="Test Suites/Listusers">
      <properties>
         <property name="deviceName" value=""/>
         <property name="devicePlatform" value=""/>
         <property name="logFolder" value="/Users/nivedita/git/KatalonAPIDemo/KatalonAPIDemo/Reports/Listusers/20190122_162945"/>
         <property name="logFiles" value="/Users/nivedita/git/KatalonAPIDemo/KatalonAPIDemo/Reports/Listusers/20190122_162945/execution0.log"/>
         <property name="attachments" value=""/>
         <property name="hostName" value="nivedita - 192.168.0.105"/>
         <property name="hostAddress" value="192.168.0.105"/>
         <property name="os" value="Mac OS X 64bit"/>
         <property name="katalonVersion" value="5.10.1.1"/>
      </properties>
      <testcase name="Test Cases/ListUsers/ListUsers" classname="Test Cases/ListUsers/ListUsers" status="ERROR">
         <error type="ERROR" message="Test Cases/ListUsers/ListUsers FAILED.
Reason:
groovy.lang.MissingMethodException: No signature of method: static com.kms.katalon.core.webservice.keyword.WSBuiltInKeywords.verifyElementPropertyValue() is applicable for argument types: (com.kms.katalon.core.testobject.ResponseObject, com.kms.katalon.core.testdata.reader.SheetPOI, com.kms.katalon.core.testdata.reader.SheetPOI) values: [200 918 bytes, com.kms.katalon.core.testdata.reader.SheetPOI@7a93b263, ...]
Possible solutions: verifyElementPropertyValue(com.kms.katalon.core.testobject.ResponseObject, java.lang.String, java.lang.Object), verifyElementPropertyValue(com.kms.katalon.core.testobject.ResponseObject, java.lang.String, java.lang.Object, com.kms.katalon.core.model.FailureHandling)
	at ListUsers.run(ListUsers:19)
	at com.kms.katalon.core.main.ScriptEngine.run(ScriptEngine.java:194)
	at com.kms.katalon.core.main.ScriptEngine.runScriptAsRawText(ScriptEngine.java:119)
	at com.kms.katalon.core.main.TestCaseExecutor.runScript(TestCaseExecutor.java:328)
	at com.kms.katalon.core.main.TestCaseExecutor.doExecute(TestCaseExecutor.java:319)
	at com.kms.katalon.core.main.TestCaseExecutor.processExecutionPhase(TestCaseExecutor.java:298)
	at com.kms.katalon.core.main.TestCaseExecutor.accessMainPhase(TestCaseExecutor.java:290)
	at com.kms.katalon.core.main.TestCaseExecutor.execute(TestCaseExecutor.java:224)
	at com.kms.katalon.core.main.TestSuiteExecutor.accessTestCaseMainPhase(TestSuiteExecutor.java:129)
	at com.kms.katalon.core.main.TestSuiteExecutor.accessTestSuiteMainPhase(TestSuiteExecutor.java:112)
	at com.kms.katalon.core.main.TestSuiteExecutor.execute(TestSuiteExecutor.java:81)
	at com.kms.katalon.core.main.TestCaseMain.startTestSuite(TestCaseMain.java:149)
	at com.kms.katalon.core.main.TestCaseMain$startTestSuite$0.call(Unknown Source)
	at TempTestSuite1548154785053.run(TempTestSuite1548154785053.groovy:36)
"/>
         <system-out><![CDATA[2019-01-22 16:29:49 - [TEST_CASE][ERROR] - Test Cases/ListUsers/ListUsers: Test Cases/ListUsers/ListUsers FAILED.
Reason:
groovy.lang.MissingMethodException: No signature of method: static com.kms.katalon.core.webservice.keyword.WSBuiltInKeywords.verifyElementPropertyValue() is applicable for argument types: (com.kms.katalon.core.testobject.ResponseObject, com.kms.katalon.core.testdata.reader.SheetPOI, com.kms.katalon.core.testdata.reader.SheetPOI) values: [200 918 bytes, com.kms.katalon.core.testdata.reader.SheetPOI@7a93b263, ...]
Possible solutions: verifyElementPropertyValue(com.kms.katalon.core.testobject.ResponseObject, java.lang.String, java.lang.Object), verifyElementPropertyValue(com.kms.katalon.core.testobject.ResponseObject, java.lang.String, java.lang.Object, com.kms.katalon.core.model.FailureHandling)
	at ListUsers.run(ListUsers:19)
	at com.kms.katalon.core.main.ScriptEngine.run(ScriptEngine.java:194)
	at com.kms.katalon.core.main.ScriptEngine.runScriptAsRawText(ScriptEngine.java:119)
	at com.kms.katalon.core.main.TestCaseExecutor.runScript(TestCaseExecutor.java:328)
	at com.kms.katalon.core.main.TestCaseExecutor.doExecute(TestCaseExecutor.java:319)
	at com.kms.katalon.core.main.TestCaseExecutor.processExecutionPhase(TestCaseExecutor.java:298)
	at com.kms.katalon.core.main.TestCaseExecutor.accessMainPhase(TestCaseExecutor.java:290)
	at com.kms.katalon.core.main.TestCaseExecutor.execute(TestCaseExecutor.java:224)
	at com.kms.katalon.core.main.TestSuiteExecutor.accessTestCaseMainPhase(TestSuiteExecutor.java:129)
	at com.kms.katalon.core.main.TestSuiteExecutor.accessTestSuiteMainPhase(TestSuiteExecutor.java:112)
	at com.kms.katalon.core.main.TestSuiteExecutor.execute(TestSuiteExecutor.java:81)
	at com.kms.katalon.core.main.TestCaseMain.startTestSuite(TestCaseMain.java:149)
	at com.kms.katalon.core.main.TestCaseMain$startTestSuite$0.call(Unknown Source)
	at TempTestSuite1548154785053.run(TempTestSuite1548154785053.groovy:36)


2019-01-22 16:29:50 - [TEST_STEP][PASSED] - response = sendRequestAndVerify(findTestObject("User/LIST USERS")): Send request and verify the response successfully

2019-01-22 16:29:55 - [TEST_CASE][PASSED] - Start Test Case : Verification: Verification accomplished successfully

2019-01-22 16:29:55 - [TEST_STEP][PASSED] - request = getInstance().getCurrentRequest(): null

2019-01-22 16:29:55 - [TEST_STEP][PASSED] - response = getInstance().getCurrentResponse(): null

2019-01-22 16:29:55 - [MESSAGE][PASSED] - Verify response successfully

2019-01-22 16:29:55 - [MESSAGE][PASSED] - Send request and verify the response successfully

2019-01-22 16:29:55 - [TEST_STEP][ERROR] - verifyElementPropertyValue(response, firstNamePath, firstName): verifyElementPropertyValue(response, firstNamePath, firstName) FAILED.
Reason:
groovy.lang.MissingMethodException: No signature of method: static com.kms.katalon.core.webservice.keyword.WSBuiltInKeywords.verifyElementPropertyValue() is applicable for argument types: (com.kms.katalon.core.testobject.ResponseObject, com.kms.katalon.core.testdata.reader.SheetPOI, com.kms.katalon.core.testdata.reader.SheetPOI) values: [200 918 bytes, com.kms.katalon.core.testdata.reader.SheetPOI@7a93b263, ...]
Possible solutions: verifyElementPropertyValue(com.kms.katalon.core.testobject.ResponseObject, java.lang.String, java.lang.Object), verifyElementPropertyValue(com.kms.katalon.core.testobject.ResponseObject, java.lang.String, java.lang.Object, com.kms.katalon.core.model.FailureHandling)
	at ListUsers.run(ListUsers:19)
	at com.kms.katalon.core.main.ScriptEngine.run(ScriptEngine.java:194)
	at com.kms.katalon.core.main.ScriptEngine.runScriptAsRawText(ScriptEngine.java:119)
	at com.kms.katalon.core.main.TestCaseExecutor.runScript(TestCaseExecutor.java:328)
	at com.kms.katalon.core.main.TestCaseExecutor.doExecute(TestCaseExecutor.java:319)
	at com.kms.katalon.core.main.TestCaseExecutor.processExecutionPhase(TestCaseExecutor.java:298)
	at com.kms.katalon.core.main.TestCaseExecutor.accessMainPhase(TestCaseExecutor.java:290)
	at com.kms.katalon.core.main.TestCaseExecutor.execute(TestCaseExecutor.java:224)
	at com.kms.katalon.core.main.TestSuiteExecutor.accessTestCaseMainPhase(TestSuiteExecutor.java:129)
	at com.kms.katalon.core.main.TestSuiteExecutor.accessTestSuiteMainPhase(TestSuiteExecutor.java:112)
	at com.kms.katalon.core.main.TestSuiteExecutor.execute(TestSuiteExecutor.java:81)
	at com.kms.katalon.core.main.TestCaseMain.startTestSuite(TestCaseMain.java:149)
	at com.kms.katalon.core.main.TestCaseMain$startTestSuite$0.call(Unknown Source)
	at TempTestSuite1548154785053.run(TempTestSuite1548154785053.groovy:36)


2019-01-22 16:29:55 - [MESSAGE][ERROR] - verifyElementPropertyValue(response, firstNamePath, firstName) FAILED.
Reason:
groovy.lang.MissingMethodException: No signature of method: static com.kms.katalon.core.webservice.keyword.WSBuiltInKeywords.verifyElementPropertyValue() is applicable for argument types: (com.kms.katalon.core.testobject.ResponseObject, com.kms.katalon.core.testdata.reader.SheetPOI, com.kms.katalon.core.testdata.reader.SheetPOI) values: [200 918 bytes, com.kms.katalon.core.testdata.reader.SheetPOI@7a93b263, ...]
Possible solutions: verifyElementPropertyValue(com.kms.katalon.core.testobject.ResponseObject, java.lang.String, java.lang.Object), verifyElementPropertyValue(com.kms.katalon.core.testobject.ResponseObject, java.lang.String, java.lang.Object, com.kms.katalon.core.model.FailureHandling)
	at ListUsers.run(ListUsers:19)
	at com.kms.katalon.core.main.ScriptEngine.run(ScriptEngine.java:194)
	at com.kms.katalon.core.main.ScriptEngine.runScriptAsRawText(ScriptEngine.java:119)
	at com.kms.katalon.core.main.TestCaseExecutor.runScript(TestCaseExecutor.java:328)
	at com.kms.katalon.core.main.TestCaseExecutor.doExecute(TestCaseExecutor.java:319)
	at com.kms.katalon.core.main.TestCaseExecutor.processExecutionPhase(TestCaseExecutor.java:298)
	at com.kms.katalon.core.main.TestCaseExecutor.accessMainPhase(TestCaseExecutor.java:290)
	at com.kms.katalon.core.main.TestCaseExecutor.execute(TestCaseExecutor.java:224)
	at com.kms.katalon.core.main.TestSuiteExecutor.accessTestCaseMainPhase(TestSuiteExecutor.java:129)
	at com.kms.katalon.core.main.TestSuiteExecutor.accessTestSuiteMainPhase(TestSuiteExecutor.java:112)
	at com.kms.katalon.core.main.TestSuiteExecutor.execute(TestSuiteExecutor.java:81)
	at com.kms.katalon.core.main.TestCaseMain.startTestSuite(TestCaseMain.java:149)
	at com.kms.katalon.core.main.TestCaseMain$startTestSuite$0.call(Unknown Source)
	at TempTestSuite1548154785053.run(TempTestSuite1548154785053.groovy:36)]]></system-out>
         <system-err><![CDATA[2019-01-22 16:29:49 - [TEST_CASE][ERROR] - Test Cases/ListUsers/ListUsers: Test Cases/ListUsers/ListUsers FAILED.
Reason:
groovy.lang.MissingMethodException: No signature of method: static com.kms.katalon.core.webservice.keyword.WSBuiltInKeywords.verifyElementPropertyValue() is applicable for argument types: (com.kms.katalon.core.testobject.ResponseObject, com.kms.katalon.core.testdata.reader.SheetPOI, com.kms.katalon.core.testdata.reader.SheetPOI) values: [200 918 bytes, com.kms.katalon.core.testdata.reader.SheetPOI@7a93b263, ...]
Possible solutions: verifyElementPropertyValue(com.kms.katalon.core.testobject.ResponseObject, java.lang.String, java.lang.Object), verifyElementPropertyValue(com.kms.katalon.core.testobject.ResponseObject, java.lang.String, java.lang.Object, com.kms.katalon.core.model.FailureHandling)
	at ListUsers.run(ListUsers:19)
	at com.kms.katalon.core.main.ScriptEngine.run(ScriptEngine.java:194)
	at com.kms.katalon.core.main.ScriptEngine.runScriptAsRawText(ScriptEngine.java:119)
	at com.kms.katalon.core.main.TestCaseExecutor.runScript(TestCaseExecutor.java:328)
	at com.kms.katalon.core.main.TestCaseExecutor.doExecute(TestCaseExecutor.java:319)
	at com.kms.katalon.core.main.TestCaseExecutor.processExecutionPhase(TestCaseExecutor.java:298)
	at com.kms.katalon.core.main.TestCaseExecutor.accessMainPhase(TestCaseExecutor.java:290)
	at com.kms.katalon.core.main.TestCaseExecutor.execute(TestCaseExecutor.java:224)
	at com.kms.katalon.core.main.TestSuiteExecutor.accessTestCaseMainPhase(TestSuiteExecutor.java:129)
	at com.kms.katalon.core.main.TestSuiteExecutor.accessTestSuiteMainPhase(TestSuiteExecutor.java:112)
	at com.kms.katalon.core.main.TestSuiteExecutor.execute(TestSuiteExecutor.java:81)
	at com.kms.katalon.core.main.TestCaseMain.startTestSuite(TestCaseMain.java:149)
	at com.kms.katalon.core.main.TestCaseMain$startTestSuite$0.call(Unknown Source)
	at TempTestSuite1548154785053.run(TempTestSuite1548154785053.groovy:36)]]></system-err>
      </testcase>
      <testcase name="Test Cases/ListUsers/ListUsers" classname="Test Cases/ListUsers/ListUsers" status="ERROR">
         <error type="ERROR" message="Test Cases/ListUsers/ListUsers FAILED.
Reason:
groovy.lang.MissingMethodException: No signature of method: static com.kms.katalon.core.webservice.keyword.WSBuiltInKeywords.verifyElementPropertyValue() is applicable for argument types: (com.kms.katalon.core.testobject.ResponseObject, com.kms.katalon.core.testdata.reader.SheetPOI, com.kms.katalon.core.testdata.reader.SheetPOI) values: [200 918 bytes, com.kms.katalon.core.testdata.reader.SheetPOI@7a93b263, ...]
Possible solutions: verifyElementPropertyValue(com.kms.katalon.core.testobject.ResponseObject, java.lang.String, java.lang.Object), verifyElementPropertyValue(com.kms.katalon.core.testobject.ResponseObject, java.lang.String, java.lang.Object, com.kms.katalon.core.model.FailureHandling)
	at ListUsers.run(ListUsers:19)
	at com.kms.katalon.core.main.ScriptEngine.run(ScriptEngine.java:194)
	at com.kms.katalon.core.main.ScriptEngine.runScriptAsRawText(ScriptEngine.java:119)
	at com.kms.katalon.core.main.TestCaseExecutor.runScript(TestCaseExecutor.java:328)
	at com.kms.katalon.core.main.TestCaseExecutor.doExecute(TestCaseExecutor.java:319)
	at com.kms.katalon.core.main.TestCaseExecutor.processExecutionPhase(TestCaseExecutor.java:298)
	at com.kms.katalon.core.main.TestCaseExecutor.accessMainPhase(TestCaseExecutor.java:290)
	at com.kms.katalon.core.main.TestCaseExecutor.execute(TestCaseExecutor.java:224)
	at com.kms.katalon.core.main.TestSuiteExecutor.accessTestCaseMainPhase(TestSuiteExecutor.java:129)
	at com.kms.katalon.core.main.TestSuiteExecutor.accessTestSuiteMainPhase(TestSuiteExecutor.java:112)
	at com.kms.katalon.core.main.TestSuiteExecutor.execute(TestSuiteExecutor.java:81)
	at com.kms.katalon.core.main.TestCaseMain.startTestSuite(TestCaseMain.java:149)
	at com.kms.katalon.core.main.TestCaseMain$startTestSuite$0.call(Unknown Source)
	at TempTestSuite1548154785053.run(TempTestSuite1548154785053.groovy:36)
"/>
         <system-out><![CDATA[2019-01-22 16:29:55 - [TEST_CASE][ERROR] - Test Cases/ListUsers/ListUsers: Test Cases/ListUsers/ListUsers FAILED.
Reason:
groovy.lang.MissingMethodException: No signature of method: static com.kms.katalon.core.webservice.keyword.WSBuiltInKeywords.verifyElementPropertyValue() is applicable for argument types: (com.kms.katalon.core.testobject.ResponseObject, com.kms.katalon.core.testdata.reader.SheetPOI, com.kms.katalon.core.testdata.reader.SheetPOI) values: [200 918 bytes, com.kms.katalon.core.testdata.reader.SheetPOI@7a93b263, ...]
Possible solutions: verifyElementPropertyValue(com.kms.katalon.core.testobject.ResponseObject, java.lang.String, java.lang.Object), verifyElementPropertyValue(com.kms.katalon.core.testobject.ResponseObject, java.lang.String, java.lang.Object, com.kms.katalon.core.model.FailureHandling)
	at ListUsers.run(ListUsers:19)
	at com.kms.katalon.core.main.ScriptEngine.run(ScriptEngine.java:194)
	at com.kms.katalon.core.main.ScriptEngine.runScriptAsRawText(ScriptEngine.java:119)
	at com.kms.katalon.core.main.TestCaseExecutor.runScript(TestCaseExecutor.java:328)
	at com.kms.katalon.core.main.TestCaseExecutor.doExecute(TestCaseExecutor.java:319)
	at com.kms.katalon.core.main.TestCaseExecutor.processExecutionPhase(TestCaseExecutor.java:298)
	at com.kms.katalon.core.main.TestCaseExecutor.accessMainPhase(TestCaseExecutor.java:290)
	at com.kms.katalon.core.main.TestCaseExecutor.execute(TestCaseExecutor.java:224)
	at com.kms.katalon.core.main.TestSuiteExecutor.accessTestCaseMainPhase(TestSuiteExecutor.java:129)
	at com.kms.katalon.core.main.TestSuiteExecutor.accessTestSuiteMainPhase(TestSuiteExecutor.java:112)
	at com.kms.katalon.core.main.TestSuiteExecutor.execute(TestSuiteExecutor.java:81)
	at com.kms.katalon.core.main.TestCaseMain.startTestSuite(TestCaseMain.java:149)
	at com.kms.katalon.core.main.TestCaseMain$startTestSuite$0.call(Unknown Source)
	at TempTestSuite1548154785053.run(TempTestSuite1548154785053.groovy:36)


2019-01-22 16:29:56 - [TEST_STEP][PASSED] - response = sendRequestAndVerify(findTestObject("User/LIST USERS")): Send request and verify the response successfully

2019-01-22 16:29:57 - [TEST_CASE][PASSED] - Start Test Case : Verification: Verification accomplished successfully

2019-01-22 16:29:57 - [TEST_STEP][PASSED] - request = getInstance().getCurrentRequest(): null

2019-01-22 16:29:57 - [TEST_STEP][PASSED] - response = getInstance().getCurrentResponse(): null

2019-01-22 16:29:57 - [MESSAGE][PASSED] - Verify response successfully

2019-01-22 16:29:57 - [MESSAGE][PASSED] - Send request and verify the response successfully

2019-01-22 16:29:57 - [TEST_STEP][ERROR] - verifyElementPropertyValue(response, firstNamePath, firstName): verifyElementPropertyValue(response, firstNamePath, firstName) FAILED.
Reason:
groovy.lang.MissingMethodException: No signature of method: static com.kms.katalon.core.webservice.keyword.WSBuiltInKeywords.verifyElementPropertyValue() is applicable for argument types: (com.kms.katalon.core.testobject.ResponseObject, com.kms.katalon.core.testdata.reader.SheetPOI, com.kms.katalon.core.testdata.reader.SheetPOI) values: [200 918 bytes, com.kms.katalon.core.testdata.reader.SheetPOI@7a93b263, ...]
Possible solutions: verifyElementPropertyValue(com.kms.katalon.core.testobject.ResponseObject, java.lang.String, java.lang.Object), verifyElementPropertyValue(com.kms.katalon.core.testobject.ResponseObject, java.lang.String, java.lang.Object, com.kms.katalon.core.model.FailureHandling)
	at ListUsers.run(ListUsers:19)
	at com.kms.katalon.core.main.ScriptEngine.run(ScriptEngine.java:194)
	at com.kms.katalon.core.main.ScriptEngine.runScriptAsRawText(ScriptEngine.java:119)
	at com.kms.katalon.core.main.TestCaseExecutor.runScript(TestCaseExecutor.java:328)
	at com.kms.katalon.core.main.TestCaseExecutor.doExecute(TestCaseExecutor.java:319)
	at com.kms.katalon.core.main.TestCaseExecutor.processExecutionPhase(TestCaseExecutor.java:298)
	at com.kms.katalon.core.main.TestCaseExecutor.accessMainPhase(TestCaseExecutor.java:290)
	at com.kms.katalon.core.main.TestCaseExecutor.execute(TestCaseExecutor.java:224)
	at com.kms.katalon.core.main.TestSuiteExecutor.accessTestCaseMainPhase(TestSuiteExecutor.java:129)
	at com.kms.katalon.core.main.TestSuiteExecutor.accessTestSuiteMainPhase(TestSuiteExecutor.java:112)
	at com.kms.katalon.core.main.TestSuiteExecutor.execute(TestSuiteExecutor.java:81)
	at com.kms.katalon.core.main.TestCaseMain.startTestSuite(TestCaseMain.java:149)
	at com.kms.katalon.core.main.TestCaseMain$startTestSuite$0.call(Unknown Source)
	at TempTestSuite1548154785053.run(TempTestSuite1548154785053.groovy:36)


2019-01-22 16:29:57 - [MESSAGE][ERROR] - verifyElementPropertyValue(response, firstNamePath, firstName) FAILED.
Reason:
groovy.lang.MissingMethodException: No signature of method: static com.kms.katalon.core.webservice.keyword.WSBuiltInKeywords.verifyElementPropertyValue() is applicable for argument types: (com.kms.katalon.core.testobject.ResponseObject, com.kms.katalon.core.testdata.reader.SheetPOI, com.kms.katalon.core.testdata.reader.SheetPOI) values: [200 918 bytes, com.kms.katalon.core.testdata.reader.SheetPOI@7a93b263, ...]
Possible solutions: verifyElementPropertyValue(com.kms.katalon.core.testobject.ResponseObject, java.lang.String, java.lang.Object), verifyElementPropertyValue(com.kms.katalon.core.testobject.ResponseObject, java.lang.String, java.lang.Object, com.kms.katalon.core.model.FailureHandling)
	at ListUsers.run(ListUsers:19)
	at com.kms.katalon.core.main.ScriptEngine.run(ScriptEngine.java:194)
	at com.kms.katalon.core.main.ScriptEngine.runScriptAsRawText(ScriptEngine.java:119)
	at com.kms.katalon.core.main.TestCaseExecutor.runScript(TestCaseExecutor.java:328)
	at com.kms.katalon.core.main.TestCaseExecutor.doExecute(TestCaseExecutor.java:319)
	at com.kms.katalon.core.main.TestCaseExecutor.processExecutionPhase(TestCaseExecutor.java:298)
	at com.kms.katalon.core.main.TestCaseExecutor.accessMainPhase(TestCaseExecutor.java:290)
	at com.kms.katalon.core.main.TestCaseExecutor.execute(TestCaseExecutor.java:224)
	at com.kms.katalon.core.main.TestSuiteExecutor.accessTestCaseMainPhase(TestSuiteExecutor.java:129)
	at com.kms.katalon.core.main.TestSuiteExecutor.accessTestSuiteMainPhase(TestSuiteExecutor.java:112)
	at com.kms.katalon.core.main.TestSuiteExecutor.execute(TestSuiteExecutor.java:81)
	at com.kms.katalon.core.main.TestCaseMain.startTestSuite(TestCaseMain.java:149)
	at com.kms.katalon.core.main.TestCaseMain$startTestSuite$0.call(Unknown Source)
	at TempTestSuite1548154785053.run(TempTestSuite1548154785053.groovy:36)]]></system-out>
         <system-err><![CDATA[2019-01-22 16:29:55 - [TEST_CASE][ERROR] - Test Cases/ListUsers/ListUsers: Test Cases/ListUsers/ListUsers FAILED.
Reason:
groovy.lang.MissingMethodException: No signature of method: static com.kms.katalon.core.webservice.keyword.WSBuiltInKeywords.verifyElementPropertyValue() is applicable for argument types: (com.kms.katalon.core.testobject.ResponseObject, com.kms.katalon.core.testdata.reader.SheetPOI, com.kms.katalon.core.testdata.reader.SheetPOI) values: [200 918 bytes, com.kms.katalon.core.testdata.reader.SheetPOI@7a93b263, ...]
Possible solutions: verifyElementPropertyValue(com.kms.katalon.core.testobject.ResponseObject, java.lang.String, java.lang.Object), verifyElementPropertyValue(com.kms.katalon.core.testobject.ResponseObject, java.lang.String, java.lang.Object, com.kms.katalon.core.model.FailureHandling)
	at ListUsers.run(ListUsers:19)
	at com.kms.katalon.core.main.ScriptEngine.run(ScriptEngine.java:194)
	at com.kms.katalon.core.main.ScriptEngine.runScriptAsRawText(ScriptEngine.java:119)
	at com.kms.katalon.core.main.TestCaseExecutor.runScript(TestCaseExecutor.java:328)
	at com.kms.katalon.core.main.TestCaseExecutor.doExecute(TestCaseExecutor.java:319)
	at com.kms.katalon.core.main.TestCaseExecutor.processExecutionPhase(TestCaseExecutor.java:298)
	at com.kms.katalon.core.main.TestCaseExecutor.accessMainPhase(TestCaseExecutor.java:290)
	at com.kms.katalon.core.main.TestCaseExecutor.execute(TestCaseExecutor.java:224)
	at com.kms.katalon.core.main.TestSuiteExecutor.accessTestCaseMainPhase(TestSuiteExecutor.java:129)
	at com.kms.katalon.core.main.TestSuiteExecutor.accessTestSuiteMainPhase(TestSuiteExecutor.java:112)
	at com.kms.katalon.core.main.TestSuiteExecutor.execute(TestSuiteExecutor.java:81)
	at com.kms.katalon.core.main.TestCaseMain.startTestSuite(TestCaseMain.java:149)
	at com.kms.katalon.core.main.TestCaseMain$startTestSuite$0.call(Unknown Source)
	at TempTestSuite1548154785053.run(TempTestSuite1548154785053.groovy:36)]]></system-err>
      </testcase>
      <testcase name="Test Cases/ListUsers/ListUsers" classname="Test Cases/ListUsers/ListUsers" status="ERROR">
         <error type="ERROR" message="Test Cases/ListUsers/ListUsers FAILED.
Reason:
groovy.lang.MissingMethodException: No signature of method: static com.kms.katalon.core.webservice.keyword.WSBuiltInKeywords.verifyElementPropertyValue() is applicable for argument types: (com.kms.katalon.core.testobject.ResponseObject, com.kms.katalon.core.testdata.reader.SheetPOI, com.kms.katalon.core.testdata.reader.SheetPOI) values: [200 918 bytes, com.kms.katalon.core.testdata.reader.SheetPOI@7a93b263, ...]
Possible solutions: verifyElementPropertyValue(com.kms.katalon.core.testobject.ResponseObject, java.lang.String, java.lang.Object), verifyElementPropertyValue(com.kms.katalon.core.testobject.ResponseObject, java.lang.String, java.lang.Object, com.kms.katalon.core.model.FailureHandling)
	at ListUsers.run(ListUsers:19)
	at com.kms.katalon.core.main.ScriptEngine.run(ScriptEngine.java:194)
	at com.kms.katalon.core.main.ScriptEngine.runScriptAsRawText(ScriptEngine.java:119)
	at com.kms.katalon.core.main.TestCaseExecutor.runScript(TestCaseExecutor.java:328)
	at com.kms.katalon.core.main.TestCaseExecutor.doExecute(TestCaseExecutor.java:319)
	at com.kms.katalon.core.main.TestCaseExecutor.processExecutionPhase(TestCaseExecutor.java:298)
	at com.kms.katalon.core.main.TestCaseExecutor.accessMainPhase(TestCaseExecutor.java:290)
	at com.kms.katalon.core.main.TestCaseExecutor.execute(TestCaseExecutor.java:224)
	at com.kms.katalon.core.main.TestSuiteExecutor.accessTestCaseMainPhase(TestSuiteExecutor.java:129)
	at com.kms.katalon.core.main.TestSuiteExecutor.accessTestSuiteMainPhase(TestSuiteExecutor.java:112)
	at com.kms.katalon.core.main.TestSuiteExecutor.execute(TestSuiteExecutor.java:81)
	at com.kms.katalon.core.main.TestCaseMain.startTestSuite(TestCaseMain.java:149)
	at com.kms.katalon.core.main.TestCaseMain$startTestSuite$0.call(Unknown Source)
	at TempTestSuite1548154785053.run(TempTestSuite1548154785053.groovy:36)
"/>
         <system-out><![CDATA[2019-01-22 16:29:57 - [TEST_CASE][ERROR] - Test Cases/ListUsers/ListUsers: Test Cases/ListUsers/ListUsers FAILED.
Reason:
groovy.lang.MissingMethodException: No signature of method: static com.kms.katalon.core.webservice.keyword.WSBuiltInKeywords.verifyElementPropertyValue() is applicable for argument types: (com.kms.katalon.core.testobject.ResponseObject, com.kms.katalon.core.testdata.reader.SheetPOI, com.kms.katalon.core.testdata.reader.SheetPOI) values: [200 918 bytes, com.kms.katalon.core.testdata.reader.SheetPOI@7a93b263, ...]
Possible solutions: verifyElementPropertyValue(com.kms.katalon.core.testobject.ResponseObject, java.lang.String, java.lang.Object), verifyElementPropertyValue(com.kms.katalon.core.testobject.ResponseObject, java.lang.String, java.lang.Object, com.kms.katalon.core.model.FailureHandling)
	at ListUsers.run(ListUsers:19)
	at com.kms.katalon.core.main.ScriptEngine.run(ScriptEngine.java:194)
	at com.kms.katalon.core.main.ScriptEngine.runScriptAsRawText(ScriptEngine.java:119)
	at com.kms.katalon.core.main.TestCaseExecutor.runScript(TestCaseExecutor.java:328)
	at com.kms.katalon.core.main.TestCaseExecutor.doExecute(TestCaseExecutor.java:319)
	at com.kms.katalon.core.main.TestCaseExecutor.processExecutionPhase(TestCaseExecutor.java:298)
	at com.kms.katalon.core.main.TestCaseExecutor.accessMainPhase(TestCaseExecutor.java:290)
	at com.kms.katalon.core.main.TestCaseExecutor.execute(TestCaseExecutor.java:224)
	at com.kms.katalon.core.main.TestSuiteExecutor.accessTestCaseMainPhase(TestSuiteExecutor.java:129)
	at com.kms.katalon.core.main.TestSuiteExecutor.accessTestSuiteMainPhase(TestSuiteExecutor.java:112)
	at com.kms.katalon.core.main.TestSuiteExecutor.execute(TestSuiteExecutor.java:81)
	at com.kms.katalon.core.main.TestCaseMain.startTestSuite(TestCaseMain.java:149)
	at com.kms.katalon.core.main.TestCaseMain$startTestSuite$0.call(Unknown Source)
	at TempTestSuite1548154785053.run(TempTestSuite1548154785053.groovy:36)


2019-01-22 16:29:57 - [TEST_STEP][PASSED] - response = sendRequestAndVerify(findTestObject("User/LIST USERS")): Send request and verify the response successfully

2019-01-22 16:29:58 - [TEST_CASE][PASSED] - Start Test Case : Verification: Verification accomplished successfully

2019-01-22 16:29:58 - [TEST_STEP][PASSED] - request = getInstance().getCurrentRequest(): null

2019-01-22 16:29:58 - [TEST_STEP][PASSED] - response = getInstance().getCurrentResponse(): null

2019-01-22 16:29:58 - [MESSAGE][PASSED] - Verify response successfully

2019-01-22 16:29:58 - [MESSAGE][PASSED] - Send request and verify the response successfully

2019-01-22 16:29:58 - [TEST_STEP][ERROR] - verifyElementPropertyValue(response, firstNamePath, firstName): verifyElementPropertyValue(response, firstNamePath, firstName) FAILED.
Reason:
groovy.lang.MissingMethodException: No signature of method: static com.kms.katalon.core.webservice.keyword.WSBuiltInKeywords.verifyElementPropertyValue() is applicable for argument types: (com.kms.katalon.core.testobject.ResponseObject, com.kms.katalon.core.testdata.reader.SheetPOI, com.kms.katalon.core.testdata.reader.SheetPOI) values: [200 918 bytes, com.kms.katalon.core.testdata.reader.SheetPOI@7a93b263, ...]
Possible solutions: verifyElementPropertyValue(com.kms.katalon.core.testobject.ResponseObject, java.lang.String, java.lang.Object), verifyElementPropertyValue(com.kms.katalon.core.testobject.ResponseObject, java.lang.String, java.lang.Object, com.kms.katalon.core.model.FailureHandling)
	at ListUsers.run(ListUsers:19)
	at com.kms.katalon.core.main.ScriptEngine.run(ScriptEngine.java:194)
	at com.kms.katalon.core.main.ScriptEngine.runScriptAsRawText(ScriptEngine.java:119)
	at com.kms.katalon.core.main.TestCaseExecutor.runScript(TestCaseExecutor.java:328)
	at com.kms.katalon.core.main.TestCaseExecutor.doExecute(TestCaseExecutor.java:319)
	at com.kms.katalon.core.main.TestCaseExecutor.processExecutionPhase(TestCaseExecutor.java:298)
	at com.kms.katalon.core.main.TestCaseExecutor.accessMainPhase(TestCaseExecutor.java:290)
	at com.kms.katalon.core.main.TestCaseExecutor.execute(TestCaseExecutor.java:224)
	at com.kms.katalon.core.main.TestSuiteExecutor.accessTestCaseMainPhase(TestSuiteExecutor.java:129)
	at com.kms.katalon.core.main.TestSuiteExecutor.accessTestSuiteMainPhase(TestSuiteExecutor.java:112)
	at com.kms.katalon.core.main.TestSuiteExecutor.execute(TestSuiteExecutor.java:81)
	at com.kms.katalon.core.main.TestCaseMain.startTestSuite(TestCaseMain.java:149)
	at com.kms.katalon.core.main.TestCaseMain$startTestSuite$0.call(Unknown Source)
	at TempTestSuite1548154785053.run(TempTestSuite1548154785053.groovy:36)


2019-01-22 16:29:58 - [MESSAGE][ERROR] - verifyElementPropertyValue(response, firstNamePath, firstName) FAILED.
Reason:
groovy.lang.MissingMethodException: No signature of method: static com.kms.katalon.core.webservice.keyword.WSBuiltInKeywords.verifyElementPropertyValue() is applicable for argument types: (com.kms.katalon.core.testobject.ResponseObject, com.kms.katalon.core.testdata.reader.SheetPOI, com.kms.katalon.core.testdata.reader.SheetPOI) values: [200 918 bytes, com.kms.katalon.core.testdata.reader.SheetPOI@7a93b263, ...]
Possible solutions: verifyElementPropertyValue(com.kms.katalon.core.testobject.ResponseObject, java.lang.String, java.lang.Object), verifyElementPropertyValue(com.kms.katalon.core.testobject.ResponseObject, java.lang.String, java.lang.Object, com.kms.katalon.core.model.FailureHandling)
	at ListUsers.run(ListUsers:19)
	at com.kms.katalon.core.main.ScriptEngine.run(ScriptEngine.java:194)
	at com.kms.katalon.core.main.ScriptEngine.runScriptAsRawText(ScriptEngine.java:119)
	at com.kms.katalon.core.main.TestCaseExecutor.runScript(TestCaseExecutor.java:328)
	at com.kms.katalon.core.main.TestCaseExecutor.doExecute(TestCaseExecutor.java:319)
	at com.kms.katalon.core.main.TestCaseExecutor.processExecutionPhase(TestCaseExecutor.java:298)
	at com.kms.katalon.core.main.TestCaseExecutor.accessMainPhase(TestCaseExecutor.java:290)
	at com.kms.katalon.core.main.TestCaseExecutor.execute(TestCaseExecutor.java:224)
	at com.kms.katalon.core.main.TestSuiteExecutor.accessTestCaseMainPhase(TestSuiteExecutor.java:129)
	at com.kms.katalon.core.main.TestSuiteExecutor.accessTestSuiteMainPhase(TestSuiteExecutor.java:112)
	at com.kms.katalon.core.main.TestSuiteExecutor.execute(TestSuiteExecutor.java:81)
	at com.kms.katalon.core.main.TestCaseMain.startTestSuite(TestCaseMain.java:149)
	at com.kms.katalon.core.main.TestCaseMain$startTestSuite$0.call(Unknown Source)
	at TempTestSuite1548154785053.run(TempTestSuite1548154785053.groovy:36)]]></system-out>
         <system-err><![CDATA[2019-01-22 16:29:57 - [TEST_CASE][ERROR] - Test Cases/ListUsers/ListUsers: Test Cases/ListUsers/ListUsers FAILED.
Reason:
groovy.lang.MissingMethodException: No signature of method: static com.kms.katalon.core.webservice.keyword.WSBuiltInKeywords.verifyElementPropertyValue() is applicable for argument types: (com.kms.katalon.core.testobject.ResponseObject, com.kms.katalon.core.testdata.reader.SheetPOI, com.kms.katalon.core.testdata.reader.SheetPOI) values: [200 918 bytes, com.kms.katalon.core.testdata.reader.SheetPOI@7a93b263, ...]
Possible solutions: verifyElementPropertyValue(com.kms.katalon.core.testobject.ResponseObject, java.lang.String, java.lang.Object), verifyElementPropertyValue(com.kms.katalon.core.testobject.ResponseObject, java.lang.String, java.lang.Object, com.kms.katalon.core.model.FailureHandling)
	at ListUsers.run(ListUsers:19)
	at com.kms.katalon.core.main.ScriptEngine.run(ScriptEngine.java:194)
	at com.kms.katalon.core.main.ScriptEngine.runScriptAsRawText(ScriptEngine.java:119)
	at com.kms.katalon.core.main.TestCaseExecutor.runScript(TestCaseExecutor.java:328)
	at com.kms.katalon.core.main.TestCaseExecutor.doExecute(TestCaseExecutor.java:319)
	at com.kms.katalon.core.main.TestCaseExecutor.processExecutionPhase(TestCaseExecutor.java:298)
	at com.kms.katalon.core.main.TestCaseExecutor.accessMainPhase(TestCaseExecutor.java:290)
	at com.kms.katalon.core.main.TestCaseExecutor.execute(TestCaseExecutor.java:224)
	at com.kms.katalon.core.main.TestSuiteExecutor.accessTestCaseMainPhase(TestSuiteExecutor.java:129)
	at com.kms.katalon.core.main.TestSuiteExecutor.accessTestSuiteMainPhase(TestSuiteExecutor.java:112)
	at com.kms.katalon.core.main.TestSuiteExecutor.execute(TestSuiteExecutor.java:81)
	at com.kms.katalon.core.main.TestCaseMain.startTestSuite(TestCaseMain.java:149)
	at com.kms.katalon.core.main.TestCaseMain$startTestSuite$0.call(Unknown Source)
	at TempTestSuite1548154785053.run(TempTestSuite1548154785053.groovy:36)]]></system-err>
      </testcase>
      <system-out><![CDATA[2019-01-22 16:29:49 - [TEST_SUITE][ERROR] - Listusers: Test Cases/ListUsers/ListUsers FAILED.
Reason:
groovy.lang.MissingMethodException: No signature of method: static com.kms.katalon.core.webservice.keyword.WSBuiltInKeywords.verifyElementPropertyValue() is applicable for argument types: (com.kms.katalon.core.testobject.ResponseObject, com.kms.katalon.core.testdata.reader.SheetPOI, com.kms.katalon.core.testdata.reader.SheetPOI) values: [200 918 bytes, com.kms.katalon.core.testdata.reader.SheetPOI@7a93b263, ...]
Possible solutions: verifyElementPropertyValue(com.kms.katalon.core.testobject.ResponseObject, java.lang.String, java.lang.Object), verifyElementPropertyValue(com.kms.katalon.core.testobject.ResponseObject, java.lang.String, java.lang.Object, com.kms.katalon.core.model.FailureHandling)
	at ListUsers.run(ListUsers:19)
	at com.kms.katalon.core.main.ScriptEngine.run(ScriptEngine.java:194)
	at com.kms.katalon.core.main.ScriptEngine.runScriptAsRawText(ScriptEngine.java:119)
	at com.kms.katalon.core.main.TestCaseExecutor.runScript(TestCaseExecutor.java:328)
	at com.kms.katalon.core.main.TestCaseExecutor.doExecute(TestCaseExecutor.java:319)
	at com.kms.katalon.core.main.TestCaseExecutor.processExecutionPhase(TestCaseExecutor.java:298)
	at com.kms.katalon.core.main.TestCaseExecutor.accessMainPhase(TestCaseExecutor.java:290)
	at com.kms.katalon.core.main.TestCaseExecutor.execute(TestCaseExecutor.java:224)
	at com.kms.katalon.core.main.TestSuiteExecutor.accessTestCaseMainPhase(TestSuiteExecutor.java:129)
	at com.kms.katalon.core.main.TestSuiteExecutor.accessTestSuiteMainPhase(TestSuiteExecutor.java:112)
	at com.kms.katalon.core.main.TestSuiteExecutor.execute(TestSuiteExecutor.java:81)
	at com.kms.katalon.core.main.TestCaseMain.startTestSuite(TestCaseMain.java:149)
	at com.kms.katalon.core.main.TestCaseMain$startTestSuite$0.call(Unknown Source)
	at TempTestSuite1548154785053.run(TempTestSuite1548154785053.groovy:36)]]></system-out>
      <system-err><![CDATA[2019-01-22 16:29:49 - [TEST_SUITE][ERROR] - Listusers: Test Cases/ListUsers/ListUsers FAILED.
Reason:
groovy.lang.MissingMethodException: No signature of method: static com.kms.katalon.core.webservice.keyword.WSBuiltInKeywords.verifyElementPropertyValue() is applicable for argument types: (com.kms.katalon.core.testobject.ResponseObject, com.kms.katalon.core.testdata.reader.SheetPOI, com.kms.katalon.core.testdata.reader.SheetPOI) values: [200 918 bytes, com.kms.katalon.core.testdata.reader.SheetPOI@7a93b263, ...]
Possible solutions: verifyElementPropertyValue(com.kms.katalon.core.testobject.ResponseObject, java.lang.String, java.lang.Object), verifyElementPropertyValue(com.kms.katalon.core.testobject.ResponseObject, java.lang.String, java.lang.Object, com.kms.katalon.core.model.FailureHandling)
	at ListUsers.run(ListUsers:19)
	at com.kms.katalon.core.main.ScriptEngine.run(ScriptEngine.java:194)
	at com.kms.katalon.core.main.ScriptEngine.runScriptAsRawText(ScriptEngine.java:119)
	at com.kms.katalon.core.main.TestCaseExecutor.runScript(TestCaseExecutor.java:328)
	at com.kms.katalon.core.main.TestCaseExecutor.doExecute(TestCaseExecutor.java:319)
	at com.kms.katalon.core.main.TestCaseExecutor.processExecutionPhase(TestCaseExecutor.java:298)
	at com.kms.katalon.core.main.TestCaseExecutor.accessMainPhase(TestCaseExecutor.java:290)
	at com.kms.katalon.core.main.TestCaseExecutor.execute(TestCaseExecutor.java:224)
	at com.kms.katalon.core.main.TestSuiteExecutor.accessTestCaseMainPhase(TestSuiteExecutor.java:129)
	at com.kms.katalon.core.main.TestSuiteExecutor.accessTestSuiteMainPhase(TestSuiteExecutor.java:112)
	at com.kms.katalon.core.main.TestSuiteExecutor.execute(TestSuiteExecutor.java:81)
	at com.kms.katalon.core.main.TestCaseMain.startTestSuite(TestCaseMain.java:149)
	at com.kms.katalon.core.main.TestCaseMain$startTestSuite$0.call(Unknown Source)
	at TempTestSuite1548154785053.run(TempTestSuite1548154785053.groovy:36)]]></system-err>
   </testsuite>
</testsuites>
